<?xml version="1.0" encoding="UTF-8"?>
<robot generator="Robot 3.2.1 (Python 3.8.2 on win32)" generated="20200625 00:50:59.946" rpa="false">
<suite id="s1" name="Teste Post" source="C:\Users\elsys\Documents\pycharm_robot\AME_testecase_api\Testcase_Post_API\teste_post.robot">
<test id="s1-t1" name="put_customer_resgistration">
<kw name="Create Session" library="RequestsLibrary">
<doc>Create Session: create a HTTP session to a server</doc>
<arguments>
<arg>mysession</arg>
<arg>${base_url}</arg>
</arguments>
<msg timestamp="20200625 00:51:00.114" level="INFO">Creating Session using : alias=mysession, url=http://dummy.restapiexample.com//api/v1, headers={},                     cookies={}, auth=None, timeout=None, proxies=None, verify=False,                     debug=0 </msg>
<status status="PASS" starttime="20200625 00:51:00.114" endtime="20200625 00:51:00.114"></status>
</kw>
<kw name="Create Dictionary" library="BuiltIn">
<doc>Creates and returns a dictionary based on the given ``items``.</doc>
<arguments>
<arg>FirstName=vini2</arg>
<arg>LastName=pinho2</arg>
<arg>UserName=testeuser2</arg>
</arguments>
<assign>
<var>${body}</var>
</assign>
<msg timestamp="20200625 00:51:00.115" level="INFO">${body} = {'FirstName': 'vini2', 'LastName': 'pinho2', 'UserName': 'testeuser2'}</msg>
<status status="PASS" starttime="20200625 00:51:00.115" endtime="20200625 00:51:00.115"></status>
</kw>
<kw name="Create Dictionary" library="BuiltIn">
<doc>Creates and returns a dictionary based on the given ``items``.</doc>
<arguments>
<arg>Content-Type=application/json</arg>
</arguments>
<assign>
<var>${header}</var>
</assign>
<msg timestamp="20200625 00:51:00.116" level="INFO">${header} = {'Content-Type': 'application/json'}</msg>
<status status="PASS" starttime="20200625 00:51:00.116" endtime="20200625 00:51:00.116"></status>
</kw>
<kw name="Post Request" library="RequestsLibrary">
<doc>Send a POST request on the session object found using the
given `alias`</doc>
<arguments>
<arg>mysession</arg>
<arg>/create</arg>
<arg>data=${body}</arg>
<arg>headers=${header}</arg>
</arguments>
<assign>
<var>${response}</var>
</assign>
<msg timestamp="20200625 00:51:00.117" level="INFO">POST Request using : uri=/create, params=None, files=None, allow_redirects=True, timeout=None
headers={'User-Agent': 'python-requests/2.24.0', 'Accept-Encoding': 'gzip, deflate', 'Accept': '*/*', 'Connection': 'keep-alive', 'Content-Type': 'application/json'} 
data={"FirstName": "vini2", "LastName": "pinho2", "UserName": "testeuser2"} 
json=None</msg>
<msg timestamp="20200625 00:51:00.760" level="INFO">${response} = &lt;Response [406]&gt;</msg>
<status status="PASS" starttime="20200625 00:51:00.117" endtime="20200625 00:51:00.760"></status>
</kw>
<kw name="Log To Console" library="BuiltIn">
<doc>Logs the given message to the console.</doc>
<arguments>
<arg>${response.status_code}</arg>
</arguments>
<status status="PASS" starttime="20200625 00:51:00.760" endtime="20200625 00:51:00.761"></status>
</kw>
<kw name="Log To Console" library="BuiltIn">
<doc>Logs the given message to the console.</doc>
<arguments>
<arg>${response.json()}</arg>
</arguments>
<msg timestamp="20200625 00:51:00.761" level="FAIL">Resolving variable '${response.json()}' failed: JSONDecodeError: Expecting value: line 1 column 1 (char 0)</msg>
<status status="FAIL" starttime="20200625 00:51:00.761" endtime="20200625 00:51:00.761"></status>
</kw>
<status status="FAIL" starttime="20200625 00:51:00.114" endtime="20200625 00:51:00.762" critical="yes">Resolving variable '${response.json()}' failed: JSONDecodeError: Expecting value: line 1 column 1 (char 0)</status>
</test>
<doc>Suite description</doc>
<status status="FAIL" starttime="20200625 00:50:59.948" endtime="20200625 00:51:00.763"></status>
</suite>
<statistics>
<total>
<stat pass="0" fail="1">Critical Tests</stat>
<stat pass="0" fail="1">All Tests</stat>
</total>
<tag>
</tag>
<suite>
<stat pass="0" fail="1" id="s1" name="Teste Post">Teste Post</stat>
</suite>
</statistics>
<errors>
</errors>
</robot>
