<?xml version="1.0" encoding="UTF-8"?>
<robot generator="Robot 3.2.1 (Python 3.8.2 on win32)" generated="20200625 13:59:48.204" rpa="false">
<suite id="s1" name="Teste Post" source="C:\Users\elsys\Documents\pycharm_robot\AME_testecase_api\Testcase_Post_API\teste_post.robot">
<test id="s1-t1" name="put_customer_resgistration">
<kw name="Create Session" library="RequestsLibrary">
<doc>Create Session: create a HTTP session to a server</doc>
<arguments>
<arg>mysession</arg>
<arg>${base_url}</arg>
</arguments>
<msg timestamp="20200625 13:59:48.403" level="INFO">Creating Session using : alias=mysession, url=http://dummy.restapiexample.com//api/v1, headers={},                     cookies={}, auth=None, timeout=None, proxies=None, verify=False,                     debug=0 </msg>
<status status="PASS" starttime="20200625 13:59:48.403" endtime="20200625 13:59:48.403"></status>
</kw>
<kw name="Create Dictionary" library="BuiltIn">
<doc>Creates and returns a dictionary based on the given ``items``.</doc>
<arguments>
<arg>name=${name_post}</arg>
<arg>salary=${salary_post}</arg>
<arg>age=${age_post}</arg>
</arguments>
<assign>
<var>${body}</var>
</assign>
<msg timestamp="20200625 13:59:48.404" level="INFO">${body} = {'name': 'Vinicius Miranda de Pinho', 'salary': 100000, 'age': 42}</msg>
<status status="PASS" starttime="20200625 13:59:48.404" endtime="20200625 13:59:48.404"></status>
</kw>
<kw name="Create Dictionary" library="BuiltIn">
<doc>Creates and returns a dictionary based on the given ``items``.</doc>
<arguments>
<arg>Content-Type=application/json</arg>
<arg>User-Agent=Firefox</arg>
</arguments>
<assign>
<var>${header}</var>
</assign>
<msg timestamp="20200625 13:59:48.405" level="INFO">${header} = {'Content-Type': 'application/json', 'User-Agent': 'Firefox'}</msg>
<status status="PASS" starttime="20200625 13:59:48.405" endtime="20200625 13:59:48.405"></status>
</kw>
<kw name="Post Request" library="RequestsLibrary">
<doc>Send a POST request on the session object found using the
given `alias`</doc>
<arguments>
<arg>mysession</arg>
<arg>/create</arg>
<arg>data=${body}</arg>
<arg>headers=${header}</arg>
</arguments>
<assign>
<var>${response}</var>
</assign>
<msg timestamp="20200625 13:59:48.406" level="INFO">POST Request using : uri=/create, params=None, files=None, allow_redirects=True, timeout=None
headers={'User-Agent': 'Firefox', 'Accept-Encoding': 'gzip, deflate', 'Accept': '*/*', 'Connection': 'keep-alive', 'Content-Type': 'application/json'} 
data={"name": "Vinicius Miranda de Pinho", "salary": 100000, "age": 42} 
json=None</msg>
<msg timestamp="20200625 13:59:50.684" level="INFO">${response} = &lt;Response [200]&gt;</msg>
<status status="PASS" starttime="20200625 13:59:48.406" endtime="20200625 13:59:50.684"></status>
</kw>
<kw name="Log To Console" library="BuiltIn">
<doc>Logs the given message to the console.</doc>
<arguments>
<arg>${response.status_code}</arg>
</arguments>
<status status="PASS" starttime="20200625 13:59:50.684" endtime="20200625 13:59:50.685"></status>
</kw>
<kw name="Log To Console" library="BuiltIn">
<doc>Logs the given message to the console.</doc>
<arguments>
<arg>${response.json()}</arg>
</arguments>
<status status="PASS" starttime="20200625 13:59:50.685" endtime="20200625 13:59:50.685"></status>
</kw>
<kw name="Convert To String" library="BuiltIn">
<doc>Converts the given item to a Unicode string.</doc>
<arguments>
<arg>${response.content}</arg>
</arguments>
<assign>
<var>${res_body}</var>
</assign>
<msg timestamp="20200625 13:59:50.686" level="INFO">${res_body} = {"status":"success","data":{"name":"Vinicius Miranda de Pinho","salary":100000,"age":42,"id":45}}</msg>
<status status="PASS" starttime="20200625 13:59:50.686" endtime="20200625 13:59:50.686"></status>
</kw>
<kw name="Should Contain" library="BuiltIn">
<doc>Fails if ``container`` does not contain ``item`` one or more times.</doc>
<arguments>
<arg>${res_body}</arg>
<arg>success</arg>
</arguments>
<status status="PASS" starttime="20200625 13:59:50.686" endtime="20200625 13:59:50.687"></status>
</kw>
<kw name="Convert To String" library="BuiltIn">
<doc>Converts the given item to a Unicode string.</doc>
<arguments>
<arg>${response.status_code}</arg>
</arguments>
<assign>
<var>${status_code}</var>
</assign>
<msg timestamp="20200625 13:59:50.687" level="INFO">${status_code} = 200</msg>
<status status="PASS" starttime="20200625 13:59:50.687" endtime="20200625 13:59:50.687"></status>
</kw>
<kw name="Should Be Equal" library="BuiltIn">
<doc>Fails if the given objects are unequal.</doc>
<arguments>
<arg>${status_code}</arg>
<arg>200</arg>
</arguments>
<status status="PASS" starttime="20200625 13:59:50.688" endtime="20200625 13:59:50.688"></status>
</kw>
<kw name="Should Contain" library="BuiltIn">
<doc>Fails if ``container`` does not contain ``item`` one or more times.</doc>
<arguments>
<arg>${res_body}</arg>
<arg>Vinicius Miranda de Pinho</arg>
</arguments>
<status status="PASS" starttime="20200625 13:59:50.688" endtime="20200625 13:59:50.688"></status>
</kw>
<status status="PASS" starttime="20200625 13:59:48.403" endtime="20200625 13:59:50.688" critical="yes"></status>
</test>
<doc>Suite description</doc>
<status status="PASS" starttime="20200625 13:59:48.206" endtime="20200625 13:59:50.689"></status>
</suite>
<statistics>
<total>
<stat pass="1" fail="0">Critical Tests</stat>
<stat pass="1" fail="0">All Tests</stat>
</total>
<tag>
</tag>
<suite>
<stat pass="1" fail="0" id="s1" name="Teste Post">Teste Post</stat>
</suite>
</statistics>
<errors>
</errors>
</robot>
