<?xml version="1.0" encoding="UTF-8"?>
<robot generator="Robot 3.2.1 (Python 3.8.2 on win32)" generated="20200625 16:49:13.761" rpa="false">
<suite id="s1" name="Teste GET" source="C:\Users\elsys\Documents\pycharm_robot\AME_testecase_api\Testcase_Post_API\Teste_GET.robot">
<test id="s1-t1" name="Get_all_employess">
<kw name="Create Session" library="RequestsLibrary">
<doc>Create Session: create a HTTP session to a server</doc>
<arguments>
<arg>mysession</arg>
<arg>${base_url}</arg>
</arguments>
<msg timestamp="20200625 16:49:13.954" level="INFO">Creating Session using : alias=mysession, url=http://dummy.restapiexample.com/, headers={},                     cookies={}, auth=None, timeout=None, proxies=None, verify=False,                     debug=0 </msg>
<status status="PASS" starttime="20200625 16:49:13.953" endtime="20200625 16:49:13.954"></status>
</kw>
<kw name="Get Request" library="RequestsLibrary">
<doc>Send a GET request on the session object found using the
given `alias`</doc>
<arguments>
<arg>mysession</arg>
<arg>api/v1/employees</arg>
</arguments>
<assign>
<var>${response}</var>
</assign>
<msg timestamp="20200625 16:49:13.955" level="INFO">GET Request using : uri=api/v1/employees, params=None, allow_redirects=True, timeout=None
headers={'User-Agent': 'python-requests/2.24.0', 'Accept-Encoding': 'gzip, deflate', 'Accept': '*/*', 'Connection': 'keep-alive'} 
data=None 
json=None</msg>
<msg timestamp="20200625 16:49:15.421" level="INFO">${response} = &lt;Response [406]&gt;</msg>
<status status="PASS" starttime="20200625 16:49:13.954" endtime="20200625 16:49:15.421"></status>
</kw>
<kw name="Log To Console" library="BuiltIn">
<doc>Logs the given message to the console.</doc>
<arguments>
<arg>${response.status_code}</arg>
</arguments>
<status status="PASS" starttime="20200625 16:49:15.422" endtime="20200625 16:49:15.422"></status>
</kw>
<kw name="Log To Console" library="BuiltIn">
<doc>Logs the given message to the console.</doc>
<arguments>
<arg>${response.content}</arg>
</arguments>
<status status="PASS" starttime="20200625 16:49:15.423" endtime="20200625 16:49:15.425"></status>
</kw>
<kw name="Log To Console" library="BuiltIn">
<doc>Logs the given message to the console.</doc>
<arguments>
<arg>${response.headers}</arg>
</arguments>
<status status="PASS" starttime="20200625 16:49:15.425" endtime="20200625 16:49:15.425"></status>
</kw>
<status status="PASS" starttime="20200625 16:49:13.953" endtime="20200625 16:49:15.426" critical="yes"></status>
</test>
<status status="PASS" starttime="20200625 16:49:13.763" endtime="20200625 16:49:15.427"></status>
</suite>
<statistics>
<total>
<stat pass="1" fail="0">Critical Tests</stat>
<stat pass="1" fail="0">All Tests</stat>
</total>
<tag>
</tag>
<suite>
<stat pass="1" fail="0" id="s1" name="Teste GET">Teste GET</stat>
</suite>
</statistics>
<errors>
</errors>
</robot>
